<?xml version="1.0" encoding="UTF-8"?>
<!-- Generated by org.testng.reporters.JUnitReportReporter -->
<testsuite hostname="DESKTOP-JGRL8FE" failures="0" tests="2" name="seleniumtestngproject.RegistrationTestcases" time="5.726" errors="0" timestamp="2024-02-11T21:51:03 IST" skipped="0">
  <testcase classname="seleniumtestngproject.RegistrationTestcases" name="verifyregistrationwithblankdata" time="2.957"/>
  <testcase classname="seleniumtestngproject.RegistrationTestcases" name="verifyregistration" time="2.769"/>
</testsuite> <!-- seleniumtestngproject.RegistrationTestcases -->
