<?xml version="1.0" encoding="UTF-8"?>
<!-- Generated by org.testng.reporters.JUnitReportReporter -->
<testsuite hostname="DESKTOP-JGRL8FE" failures="0" tests="2" name="seleniumtestngproject.LoginTestcases" time="5.896" errors="0" timestamp="2024-02-11T22:04:39 IST" skipped="0">
  <testcase classname="seleniumtestngproject.LoginTestcases" name="loginwithinvaliddata" time="3.820"/>
  <testcase classname="seleniumtestngproject.LoginTestcases" name="loginwithvaliddata" time="2.076"/>
</testsuite> <!-- seleniumtestngproject.LoginTestcases -->
