<?xml version="1.0" encoding="UTF-8"?>
<!-- Generated by org.testng.reporters.JUnitReportReporter -->
<testsuite hostname="DESKTOP-JGRL8FE" failures="0" tests="2" name="seleniumtestngproject.RegistrationTestcases" time="7.570" errors="0" timestamp="2024-02-11T22:11:58 IST" skipped="0">
  <testcase classname="seleniumtestngproject.RegistrationTestcases" name="verifyregistrationwithblankdata" time="3.092"/>
  <testcase classname="seleniumtestngproject.RegistrationTestcases" name="verifyregistration" time="4.478"/>
</testsuite> <!-- seleniumtestngproject.RegistrationTestcases -->
