<?xml version="1.0" encoding="UTF-8"?>
<!-- Generated by org.testng.reporters.JUnitReportReporter -->
<testsuite hostname="DESKTOP-JGRL8FE" failures="0" tests="1" name="seleniumtestngproject.HomepageLinkTestcase" time="23.030" errors="0" timestamp="2024-02-11T22:11:58 IST" skipped="0">
  <testcase classname="seleniumtestngproject.HomepageLinkTestcase" name="VerifyAllLinksonHomepage" time="23.030"/>
</testsuite> <!-- seleniumtestngproject.HomepageLinkTestcase -->
