<?xml version="1.0" encoding="UTF-8"?>
<!-- Generated by org.testng.reporters.JUnitReportReporter -->
<testsuite hostname="DESKTOP-JGRL8FE" failures="0" tests="2" name="seleniumtestngproject.RegistrationTestcases" time="5.008" errors="0" timestamp="2023-11-21T16:42:58 IST" skipped="0">
  <testcase classname="seleniumtestngproject.RegistrationTestcases" name="verifyregistrationwithblankdata" time="3.270"/>
  <testcase classname="seleniumtestngproject.RegistrationTestcases" name="verifyregistration" time="1.738"/>
</testsuite> <!-- seleniumtestngproject.RegistrationTestcases -->
