<?xml version="1.0" encoding="UTF-8"?>
<!-- Generated by org.testng.reporters.JUnitReportReporter -->
<testsuite hostname="DESKTOP-JGRL8FE" failures="0" tests="2" name="seleniumtestngproject.RegistrationTestcases" time="3.956" errors="0" timestamp="2023-11-26T13:04:07 IST" skipped="0">
  <testcase classname="seleniumtestngproject.RegistrationTestcases" name="verifyregistrationwithblankdata" time="2.310"/>
  <testcase classname="seleniumtestngproject.RegistrationTestcases" name="verifyregistration" time="1.646"/>
</testsuite> <!-- seleniumtestngproject.RegistrationTestcases -->
