<?xml version="1.0" encoding="UTF-8"?>
<!-- Generated by org.testng.reporters.JUnitReportReporter -->
<testsuite hostname="DESKTOP-JGRL8FE" failures="0" tests="2" name="seleniumtestngproject.CurrencybuttonTestcase" time="0.246" errors="0" timestamp="2024-02-11T21:51:03 IST" skipped="0">
  <testcase classname="seleniumtestngproject.CurrencybuttonTestcase" name="verifyEuroOptionCurrencyDropDownMenu" time="0.163"/>
  <testcase classname="seleniumtestngproject.CurrencybuttonTestcase" name="verifyPoundSterlingcurrencyDropDownMenu" time="0.083"/>
</testsuite> <!-- seleniumtestngproject.CurrencybuttonTestcase -->
