<?xml version="1.0" encoding="UTF-8"?>
<!-- Generated by org.testng.reporters.JUnitReportReporter -->
<testsuite hostname="DESKTOP-JGRL8FE" failures="0" tests="2" name="seleniumtestngproject.LoginTestcases" time="5.077" errors="0" timestamp="2023-11-21T16:42:58 IST" skipped="0">
  <testcase classname="seleniumtestngproject.LoginTestcases" name="loginwithinvaliddata" time="3.401"/>
  <testcase classname="seleniumtestngproject.LoginTestcases" name="loginwithvaliddata" time="1.676"/>
</testsuite> <!-- seleniumtestngproject.LoginTestcases -->
