<?xml version="1.0" encoding="UTF-8"?>
<!-- Generated by org.testng.reporters.JUnitReportReporter -->
<testsuite hostname="DESKTOP-JGRL8FE" failures="0" tests="2" name="seleniumtestngproject.RegistrationTestcases" time="6.225" errors="0" timestamp="2024-02-11T22:04:39 IST" skipped="0">
  <testcase classname="seleniumtestngproject.RegistrationTestcases" name="verifyregistrationwithblankdata" time="3.545"/>
  <testcase classname="seleniumtestngproject.RegistrationTestcases" name="verifyregistration" time="2.680"/>
</testsuite> <!-- seleniumtestngproject.RegistrationTestcases -->
