<?xml version="1.0" encoding="UTF-8"?>
<!-- Generated by org.testng.reporters.JUnitReportReporter -->
<testsuite hostname="DESKTOP-JGRL8FE" failures="0" tests="2" name="seleniumtestngproject.LoginTestcases" time="4.912" errors="0" timestamp="2023-11-26T13:04:07 IST" skipped="0">
  <testcase classname="seleniumtestngproject.LoginTestcases" name="loginwithinvaliddata" time="3.533"/>
  <testcase classname="seleniumtestngproject.LoginTestcases" name="loginwithvaliddata" time="1.379"/>
</testsuite> <!-- seleniumtestngproject.LoginTestcases -->
